<?xml version="1.0" encoding="UTF-8" ?>
<testsuite failures="0" time="0.219" errors="0" skipped="0" tests="1" name="no.bekk.boss.experior.ExperiorHtmlPageFactoryTest">
  <properties>
    <property name="java.vendor" value="Sun Microsystems Inc."/>
    <property name="env.SYSTEMROOT" value="C:\WINDOWS"/>
    <property name="localRepository" value="d:\Documents and Settings\Rune Flobakk\.m2\repository"/>
    <property name="sun.java.launcher" value="SUN_STANDARD"/>
    <property name="sun.management.compiler" value="HotSpot Client Compiler"/>
    <property name="env.PROMPT" value="$P$G"/>
    <property name="os.name" value="Windows XP"/>
    <property name="env.FP_NO_HOST_CHECK" value="NO"/>
    <property name="sun.boot.class.path" value="c:\Programfiler\Java\jdk1.6.0_10\jre\lib\resources.jar;c:\Programfiler\Java\jdk1.6.0_10\jre\lib\rt.jar;c:\Programfiler\Java\jdk1.6.0_10\jre\lib\sunrsasign.jar;c:\Programfiler\Java\jdk1.6.0_10\jre\lib\jsse.jar;c:\Programfiler\Java\jdk1.6.0_10\jre\lib\jce.jar;c:\Programfiler\Java\jdk1.6.0_10\jre\lib\charsets.jar;c:\Programfiler\Java\jdk1.6.0_10\jre\classes"/>
    <property name="env.COMPUTERNAME" value="BEKK-RUNEFL"/>
    <property name="env.PWD" value="/cygdrive/d/Rune/dev/experior"/>
    <property name="env.MAKE_MODE" value="unix"/>
    <property name="env.ALLUSERSPROFILE" value="d:\Documents and Settings\All Users"/>
    <property name="sun.desktop" value="windows"/>
    <property name="java.vm.specification.vendor" value="Sun Microsystems Inc."/>
    <property name="java.runtime.version" value="1.6.0_10-b33"/>
    <property name="env.HOMEPATH" value="\Documents and Settings\Rune Flobakk"/>
    <property name="env.__COMPAT_LAYER" value="EnableNXShowUI "/>
    <property name="user.name" value="Rune Flobakk"/>
    <property name="env.USER" value="Rune Flobakk"/>
    <property name="env.QTJAVA" value="C:\Programfiler\Java\jre1.6.0_03\lib\ext\QTJava.zip"/>
    <property name="env.PATH" value="D:\shell\cygwin\usr\local\bin;D:\shell\cygwin\bin;D:\shell\cygwin\bin;D:\shell\cygwin\usr\X11R6\bin;c:\WINDOWS\system32;c:\WINDOWS;c:\WINDOWS\System32\Wbem;c:\Programfiler\Hewlett-Packard\IAM\bin;c:\Programfiler\Fellesfiler\Roxio Shared\DLLShared\;c:\Programfiler\Fellesfiler\Roxio Shared\DLLShared\;c:\Programfiler\Fellesfiler\Roxio Shared\9.0\DLLShared\;c:\Programfiler\QuickTime\QTSystem\;c:\Programfiler\TortoiseSVN\bin;c:\WINDOWS\system32;c:\WINDOWS;c:\WINDOWS\System32\Wbem;c:\Programfiler\Hewlett-Packard\IAM\bin;c:\Programfiler\Fellesfiler\Roxio Shared\DLLShared\;c:\Programfiler\Fellesfiler\Roxio Shared\DLLShared\;c:\Programfiler\Fellesfiler\Roxio Shared\9.0\DLLShared\;c:\Programfiler\QuickTime\QTSystem\;c:\Programfiler\TortoiseSVN\bin;c:\Programfiler\Java\jdk1.6.0_10\bin;d:\dev-environment\maven-2.0.9\bin;d:\dev-environment\svn-1.5.0\bin;d:\dev-environment\ant-1.7.0\bin"/>
    <property name="user.language" value="no"/>
    <property name="env.WINDIR" value="C:\WINDOWS"/>
    <property name="sun.boot.library.path" value="c:\Programfiler\Java\jdk1.6.0_10\jre\bin"/>
    <property name="classworlds.conf" value="d:\dev-environment\maven-2.0.9/bin/m2.conf"/>
    <property name="java.version" value="1.6.0_10"/>
    <property name="env.PROCESSOR_IDENTIFIER" value="x86 Family 6 Model 15 Stepping 10, GenuineIntel"/>
    <property name="user.timezone" value="Europe/Berlin"/>
    <property name="env.CLIENTNAME" value="Console"/>
    <property name="env.TEMP" value="d:\DOCUME~1\RUNEFL~1\LOKALE~1\Temp"/>
    <property name="sun.arch.data.model" value="32"/>
    <property name="java.endorsed.dirs" value="c:\Programfiler\Java\jdk1.6.0_10\jre\lib\endorsed"/>
    <property name="sun.cpu.isalist" value="pentium_pro+mmx pentium_pro pentium+mmx pentium i486 i386 i86"/>
    <property name="env.HOMEDRIVE" value="C:"/>
    <property name="sun.jnu.encoding" value="Cp1252"/>
    <property name="file.encoding.pkg" value="sun.io"/>
    <property name="env.SHLVL" value="1"/>
    <property name="env.SYSTEMDRIVE" value="C:"/>
    <property name="env.HOSTNAME" value="BEKK-RuneFl"/>
    <property name="file.separator" value="\"/>
    <property name="java.specification.name" value="Java Platform API Specification"/>
    <property name="java.class.version" value="50.0"/>
    <property name="user.country" value="NO"/>
    <property name="env.PRINTER" value="\\MIDGARD\XeroxPCL"/>
    <property name="java.home" value="c:\Programfiler\Java\jdk1.6.0_10\jre"/>
    <property name="env.APPDATA" value="d:\Documents and Settings\Rune Flobakk\Programdata"/>
    <property name="java.vm.info" value="mixed mode, sharing"/>
    <property name="env.OS" value="Windows_NT"/>
    <property name="os.version" value="5.1"/>
    <property name="path.separator" value=";"/>
    <property name="java.vm.version" value="11.0-b15"/>
    <property name="env.USERPROFILE" value="d:\Documents and Settings\Rune Flobakk"/>
    <property name="user.variant" value=""/>
    <property name="env.JAVA_HOME" value="c:\Programfiler\Java\jdk1.6.0_10"/>
    <property name="java.awt.printerjob" value="sun.awt.windows.WPrinterJob"/>
    <property name="env.TERM" value="cygwin"/>
    <property name="env.TMP" value="d:\DOCUME~1\RUNEFL~1\LOKALE~1\Temp"/>
    <property name="env.PROGRAMFILES" value="C:\Programfiler"/>
    <property name="sun.io.unicode.encoding" value="UnicodeLittle"/>
    <property name="awt.toolkit" value="sun.awt.windows.WToolkit"/>
    <property name="env.MANPATH" value="/usr/local/man:/usr/share/man:/usr/man::/usr/ssl/man"/>
    <property name="user.home" value="d:\Documents and Settings\Rune Flobakk"/>
    <property name="env.COMMONPROGRAMFILES" value="C:\Programfiler\Fellesfiler"/>
    <property name="env.SESSIONNAME" value="Console"/>
    <property name="java.specification.vendor" value="Sun Microsystems Inc."/>
    <property name="env.CLASSPATH" value=".:/cygdrive/c/Programfiler/Java/jre1.6.0_03/lib/ext/QTJava.zip"/>
    <property name="env.M2_HOME" value="d:\dev-environment\maven-2.0.9"/>
    <property name="env.NUMBER_OF_PROCESSORS" value="2"/>
    <property name="java.library.path" value="c:\Programfiler\Java\jdk1.6.0_10\bin;.;C:\WINDOWS\Sun\Java\bin;C:\WINDOWS\system32;C:\WINDOWS;D:\shell\cygwin\usr\local\bin;D:\shell\cygwin\bin;D:\shell\cygwin\bin;D:\shell\cygwin\usr\X11R6\bin;c:\WINDOWS\system32;c:\WINDOWS;c:\WINDOWS\System32\Wbem;c:\Programfiler\Hewlett-Packard\IAM\bin;c:\Programfiler\Fellesfiler\Roxio Shared\DLLShared\;c:\Programfiler\Fellesfiler\Roxio Shared\DLLShared\;c:\Programfiler\Fellesfiler\Roxio Shared\9.0\DLLShared\;c:\Programfiler\QuickTime\QTSystem\;c:\Programfiler\TortoiseSVN\bin;c:\WINDOWS\system32;c:\WINDOWS;c:\WINDOWS\System32\Wbem;c:\Programfiler\Hewlett-Packard\IAM\bin;c:\Programfiler\Fellesfiler\Roxio Shared\DLLShared\;c:\Programfiler\Fellesfiler\Roxio Shared\DLLShared\;c:\Programfiler\Fellesfiler\Roxio Shared\9.0\DLLShared\;c:\Programfiler\QuickTime\QTSystem\;c:\Programfiler\TortoiseSVN\bin;c:\Programfiler\Java\jdk1.6.0_10\bin;d:\dev-environment\maven-2.0.9\bin;d:\dev-environment\svn-1.5.0\bin;d:\dev-environment\ant-1.7.0\bin"/>
    <property name="java.vendor.url" value="http://java.sun.com/"/>
    <property name="env.USERDNSDOMAIN" value="BEKK.no"/>
    <property name="java.vm.vendor" value="Sun Microsystems Inc."/>
    <property name="java.runtime.name" value="Java(TM) SE Runtime Environment"/>
    <property name="maven.home" value="d:\dev-environment\maven-2.0.9"/>
    <property name="java.class.path" value="d:\dev-environment\maven-2.0.9/boot/classworlds-1.1.jar"/>
    <property name="env.CVS_RSH" value="/bin/ssh"/>
    <property name="java.vm.specification.name" value="Java Virtual Machine Specification"/>
    <property name="env.ROXIOCENTRAL" value="C:\Programfiler\Fellesfiler\Roxio Shared\9.0\Roxio Central33\"/>
    <property name="env.LOGONSERVER" value="\\EIR"/>
    <property name="java.vm.specification.version" value="1.0"/>
    <property name="env.PROCESSOR_ARCHITECTURE" value="x86"/>
    <property name="sun.os.patch.level" value="Service Pack 3"/>
    <property name="sun.cpu.endian" value="little"/>
    <property name="env.HOME" value="d:\Documents and Settings\Rune Flobakk"/>
    <property name="env.ANT_HOME" value="D:\dev-environment\ant-1.7.0"/>
    <property name="surefire.test.class.path" value="D:\Rune\dev\experior\experior-editor-plugin\target\test-classes;D:\Rune\dev\experior\experior-editor-plugin\target\classes;d:\Documents and Settings\Rune Flobakk\.m2\repository\junit\junit\4.4\junit-4.4.jar;d:\Documents and Settings\Rune Flobakk\.m2\repository\org\fitnesse\fitnesse\20080702\fitnesse-20080702.jar;d:\Documents and Settings\Rune Flobakk\.m2\repository\org\mockito\mockito-all\1.6\mockito-all-1.6.jar;"/>
    <property name="java.io.tmpdir" value="d:\DOCUME~1\RUNEFL~1\LOKALE~1\Temp\"/>
    <property name="env.PROCESSOR_REVISION" value="0f0a"/>
    <property name="java.vendor.url.bug" value="http://java.sun.com/cgi-bin/bugreport.cgi"/>
    <property name="env.SVN_HOME" value="D:\dev-environment\svn-1.5.0"/>
    <property name="env.COMSPEC" value="C:\WINDOWS\system32\cmd.exe"/>
    <property name="java.awt.graphicsenv" value="sun.awt.Win32GraphicsEnvironment"/>
    <property name="os.arch" value="x86"/>
    <property name="java.ext.dirs" value="c:\Programfiler\Java\jdk1.6.0_10\jre\lib\ext;C:\WINDOWS\Sun\Java\lib\ext"/>
    <property name="user.dir" value="D:\Rune\dev\experior\experior-editor-plugin"/>
    <property name="env.INFOPATH" value="/usr/local/info:/usr/share/info:/usr/info:"/>
    <property name="line.separator" value="
"/>
    <property name="java.vm.name" value="Java HotSpot(TM) Client VM"/>
    <property name="env.PATHEXT" value=".COM;.EXE;.BAT;.CMD;.VBS;.VBE;.JS;.JSE;.WSF;.WSH"/>
    <property name="basedir" value="D:\Rune\dev\experior\experior-editor-plugin"/>
    <property name="env.USERNAME" value="Rune Flobakk"/>
    <property name="file.encoding" value="Cp1252"/>
    <property name="env.USERDOMAIN" value="BEKKNO"/>
    <property name="java.specification.version" value="1.6"/>
    <property name="env.PROCESSOR_LEVEL" value="6"/>
  </properties>
  <testcase time="0.172" classname="no.bekk.boss.experior.ExperiorHtmlPageFactoryTest" name="newHtmlPageShouldContainLinkToCustomJavascript"/>
</testsuite>